Arguments: 
  /opt/homebrew/Cellar/node/18.9.1/bin/node /opt/homebrew/bin/yarn add react-moment -std=c++17

PATH: 
  /opt/homebrew/bin:/opt/homebrew/sbin:/usr/local/bin:/usr/bin:/bin:/usr/sbin:/sbin:/Library/Apple/usr/bin:/Users/vladyslavverbytskyi/Work/Tools/flutter/bin

Yarn version: 
  1.22.19

Node version: 
  18.9.1

Platform: 
  darwin arm64

Trace: 
  Error: https://registry.yarnpkg.com/moment-timezone.css: Not found
      at params.callback [as _callback] (/opt/homebrew/lib/node_modules/yarn/lib/cli.js:66145:18)
      at self.callback (/opt/homebrew/lib/node_modules/yarn/lib/cli.js:140890:22)
      at Request.emit (node:events:513:28)
      at Request.<anonymous> (/opt/homebrew/lib/node_modules/yarn/lib/cli.js:141862:10)
      at Request.emit (node:events:513:28)
      at IncomingMessage.<anonymous> (/opt/homebrew/lib/node_modules/yarn/lib/cli.js:141784:12)
      at Object.onceWrapper (node:events:627:28)
      at IncomingMessage.emit (node:events:525:35)
      at endReadableNT (node:internal/streams/readable:1359:12)
      at process.processTicksAndRejections (node:internal/process/task_queues:82:21)

npm manifest: 
  {
    "name": "chrome-extension-boilerplate-react",
    "version": "4.3.5",
    "description": "A chrome extension boilerplate built with React 17, Webpack 5, and Webpack Dev Server 4",
    "license": "MIT",
    "repository": {
      "type": "git",
      "url": "https://github.com/lxieyang/chrome-extension-boilerplate-react.git"
    },
    "scripts": {
      "build": "node utils/build.js",
      "start": "node utils/webserver.js",
      "prettier": "prettier --write '**/*.{js,jsx,ts,tsx,json,css,scss,md}'"
    },
    "dependencies": {
      "@hot-loader/react-dom": "^17.0.2",
      "activity-detector": "^3.0.0",
      "array-move": "^4.0.0",
      "lodash": "^4.17.21",
      "react": "^17.0.2",
      "react-colorful": "^5.6.1",
      "react-dom": "^17.0.2",
      "react-draggable": "^4.4.5",
      "react-draggable-lists": "^1.0.1",
      "react-gesture-responder": "^2.1.0",
      "react-grid-dnd": "^2.1.2",
      "react-grid-layout": "^1.3.4",
      "react-hot-loader": "^4.13.0",
      "react-live-clock": "^6.0.6",
      "react-sortable-hoc": "^2.0.0",
      "moment-timezone.css": "^0.5.1"
    },
    "devDependencies": {
      "@babel/core": "^7.18.10",
      "@babel/plugin-proposal-class-properties": "^7.16.7",
      "@babel/preset-env": "^7.18.10",
      "@babel/preset-react": "^7.16.7",
      "@types/chrome": "^0.0.177",
      "@types/react": "^17.0.39",
      "@types/react-dom": "^17.0.11",
      "autoprefixer": "^10.4.8",
      "babel-eslint": "^10.1.0",
      "babel-loader": "^8.2.5",
      "babel-preset-react-app": "^10.0.1",
      "clean-webpack-plugin": "^4.0.0",
      "copy-webpack-plugin": "^7.0.0",
      "css-loader": "^6.7.1",
      "eslint": "^8.8.0",
      "eslint-config-react-app": "^7.0.0",
      "eslint-plugin-flowtype": "^8.0.3",
      "eslint-plugin-import": "^2.25.4",
      "eslint-plugin-jsx-a11y": "^6.5.1",
      "eslint-plugin-react": "^7.28.0",
      "eslint-plugin-react-hooks": "^4.3.0",
      "file-loader": "^6.2.0",
      "fs-extra": "^10.0.0",
      "html-loader": "^3.1.0",
      "html-webpack-plugin": "^5.5.0",
      "node-sass": "^6.0.1",
      "postcss": "^8.4.16",
      "postcss-loader": "^7.0.1",
      "postcss-preset-env": "^7.7.2",
      "prettier": "^2.5.1",
      "sass-loader": "^12.4.0",
      "source-map-loader": "^3.0.1",
      "style-loader": "^3.3.1",
      "tailwindcss": "^3.1.8",
      "terser-webpack-plugin": "^5.3.1",
      "ts-loader": "^9.2.6",
      "typescript": "^4.5.5",
      "webpack": "^5.74.0",
      "webpack-cli": "^4.10.0",
      "webpack-dev-server": "^4.10.0"
    }
  }

yarn manifest: 
  No manifest

Lockfile: 
  No lockfile
